<?xml version="1.0" encoding="UTF-8"?>
<testng-results ignored="0" total="1" passed="1" failed="0" skipped="0">
  <reporter-output>
  </reporter-output>
  <suite started-at="2022-10-30T10:19:23 GMT" name="Default suite" finished-at="2022-10-30T10:20:09 GMT" duration-ms="45749">
    <groups>
    </groups>
    <test started-at="2022-10-30T10:19:23 GMT" name="Default test" finished-at="2022-10-30T10:20:09 GMT" duration-ms="45749">
      <class name="appium.Appium">
        <test-method signature="appium()[pri:0, instance:appium.Appium@4803b726]" started-at="2022-10-30T10:19:23 GMT" name="appium" finished-at="2022-10-30T10:20:09 GMT" duration-ms="45695" status="PASS">
          <reporter-output>
          </reporter-output>
        </test-method> <!-- appium -->
      </class> <!-- appium.Appium -->
    </test> <!-- Default test -->
  </suite> <!-- Default suite -->
</testng-results>
